[1.71832774 2.50588417]
[1.76034516 2.50056768]
[1.84470032 2.54645796]
[1.74508252 2.52257691]
[1.79693363 2.55907272]
[1.62339226 2.46255843]
[1.72975645 2.55041626]
[1.79243047 2.55822258]
[1.75018766 2.48494913]
[1.72455653 2.48998933]
[1.75589351 2.50444386]
[1.75360121 2.53780902]
[1.76986218 2.49419156]
[1.76847966 2.49748143]
[1.77446621 2.5104735 ]
[1.8174491  2.53098899]
[1.82975974 2.52990561]
[1.78330387 2.53745038]
[1.79577564 2.53428407]
[1.71546819 2.50992606]
[1.75343895 2.51918828]
[1.70688444 2.52387172]
[1.73391347 2.52049504]
[1.77296444 2.50505931]
[1.79001347 2.56420273]
[1.70291573 2.46861924]
[1.72977185 2.49739831]
[1.73648589 2.50459307]
[1.70701685 2.50807831]
[1.78351874 2.53608046]
[1.76807613 2.53731551]
[1.79305223 2.52201251]
[1.78918915 2.50609243]
[1.75749056 2.51454169]
[1.76539617 2.54630555]
[1.71140282 2.54307508]
[1.73446762 2.53059871]
[1.78828548 2.50148718]
[1.74675605 2.50721028]
[1.74304879 2.52242194]
[1.75295161 2.52870241]
[1.6828375  2.50295788]
[1.84059516 2.55076018]
[1.76258331 2.52389438]
[1.76258331 2.52389438]
[1.75283427 2.52243144]
[1.74417613 2.5331709 ]
[1.7820055  2.53526987]
[1.79295316 2.53151655]
[1.82022356 2.54393023]
[1.76409456 2.51488338]
[1.74287265 2.52126257]
[1.74996298 2.54139995]
[1.77532319 2.54101057]
[1.79031581 2.53575659]
[1.79182202 2.52252647]
[1.86932258 2.59942399]
[1.83923395 2.53762059]
[1.76217798 2.50481776]
[1.75832    2.51097154]
[1.79007387 2.54911055]
[1.77535906 2.54898589]
[1.75774398 2.53714522]
[1.79675605 2.51019566]
[1.78083032 2.51528217]
[1.74076774 2.522611  ]
[1.77458006 2.5221334 ]
[1.69756777 2.50163222]
[1.79115516 2.48254172]
[1.73833702 2.51347955]
[1.78842976 2.53920208]
[1.74528782 2.51180412]
[1.73531548 2.55539757]
[1.6423496  2.51504978]
[1.73766806 2.54974011]
[1.58851548 2.5317468 ]
[1.42900105 2.48993903]
[1.64230581 2.54824774]
[1.45858129 2.46585916]
[1.73494771 2.66464554]
[1.54904456 2.5670223 ]
[1.61435369 2.58278785]
[1.73894375 2.65591808]
[1.73067113 2.64593638]
[1.7633471  2.68296296]
[1.75      2.7122249]
[1.76854976 2.72630362]
[1.67251315 2.71617217]
[1.73147355 2.74225528]
[1.58196097 2.70036206]
[1.67973202 2.7169456 ]
[1.67362323 2.70863674]
[1.70156919 2.74483166]
[1.67789361 2.7553611 ]
[1.64059718 2.75984338]
[1.72230766 2.81300653]
[1.65672581 2.7826939 ]
[1.70143677 2.84285778]
[1.71266815 2.84127391]
[1.70143677 2.86616201]
[1.72660944 2.82663816]
[1.7141971  2.90025228]
[1.75444911 2.87275289]
[1.82265177 2.9810762 ]
[1.85804065 3.02718294]
[1.86170774 2.97661176]
[1.81704516 3.04788393]
[1.84703095 3.06279897]
[1.85915552 3.03616297]
[1.82080532 3.07001368]
[1.81203952 3.11124729]
[1.82947077 3.09981638]
[1.83298452 3.11962887]
[1.80927613 3.11186753]
[1.80773665 3.10643724]
[1.7767271  3.14681488]
[1.76318669 3.1205687 ]
[1.73779123 3.13164783]
[1.76140249 3.1718392 ]
[1.74938488 3.1951724 ]
[1.73198465 3.11269422]
[1.79246581 3.19611265]
[1.72720645 3.09650588]
[1.74477419 3.14711841]
[1.74477419 3.14711841]
[1.72893935 3.21621158]
[1.73546675 3.11814012]
[1.73499095 3.15863007]
[1.75166795 3.2213018 ]
[1.71286342 3.19463851]
[1.81397556 3.49248684]
[1.74183976 3.483194  ]
[1.87894968 3.40093925]
[1.93653781 3.44098211]
[1.89146323 3.37355222]
[1.89934028 3.37885909]
[1.81608105 3.35529893]
[1.93429355 3.44860114]
[1.97847524 3.47497051]
[1.87839806 3.46836809]
[1.90257548 3.45305074]
[1.93645605 3.46668489]
[1.88051742 3.48003871]
[1.89891589 3.42724163]
[1.67384442 3.32786782]
[1.89660516 3.40625288]
[1.85396691 3.38502381]
[1.42966    3.21174875]
[1.48943839 3.18700923]
[1.51210968 3.23786829]
[1.33181097 3.19411628]
[1.32102    3.18843067]
[1.2529     3.17208308]
[2.19956789 3.66482892]
[2.1726609  3.67290601]
[2.2295     3.70216077]
[2.15457697 3.67450126]
[2.24691677 3.71072826]
[2.24232894 3.7392096 ]
[2.27499398 3.79037597]
[2.24412161 3.80420774]
[2.20104121 3.80479488]
[2.44873089 3.71466009]
[2.34223351 3.7257103 ]
[2.2456209  3.75092066]
[2.27888432 3.78060314]
[2.35904089 3.75781096]
[2.4348259 3.7874924]
[2.50696169 3.7393063 ]
[2.56004484 3.73994347]
[2.5647471  3.76301767]
[2.56633135 3.76312568]
[2.5777047  3.76477749]
[2.54384718 3.773195  ]
[2.4728125  3.79389798]
[2.5589446  3.80952084]
[2.49375484 3.85583578]
[2.4719096  3.89092209]
[2.5592154  3.86227906]
[2.50101676 3.90568841]
[2.61552105 3.87392239]
[2.62226705 3.84680139]
[2.62395355 3.84002114]
[2.65421589 3.78938548]
[2.82645359 3.77460747]
[2.79139968 3.81963252]
[2.84532923 3.77336597]
[2.77816    3.76763538]
[3.05766129 3.66426752]
[3.06467948 3.67173068]
[2.85793726 3.76251514]
[2.74526081 3.84782024]
[2.80364691 3.88219374]
[2.96437419 3.73239908]
[3.00429806 3.70765934]
[2.85449815 3.84340698]
[2.83349149 3.85550518]
[2.84958589 3.8456924 ]
[2.84341258 3.84821225]
[2.79524483 3.86809838]
[2.8617729  3.84296618]
[2.82959718 3.89515261]
[2.88241774 3.85136955]
[2.86140681 3.82231513]
[2.93253226 3.85241199]
[2.92403185 3.83370638]
[2.90604379 3.82540819]
[2.91364444 3.83547479]
[3.03370656 3.74160925]
[2.95683632 3.81971748]
[2.85591129 3.91164569]
[2.82367852 3.91966595]
[3.19024324 3.71487884]
[3.17590605 3.70153758]
[3.00725089 3.80200673]
[2.89699777 3.91944744]
[3.02588    3.90267615]
[3.11747045 3.91397962]
[3.22466605 3.89267989]
[3.23931852 3.87018257]
[3.16517252 3.90658203]
[3.15385341 3.97173607]
[3.18857154 3.91652333]
[3.17040342 3.8672715 ]
[3.37241419 3.81668755]
[3.37241419 3.81668755]
[3.36843065 3.79526919]
[3.55312226 3.70599852]
[3.5987471  3.67275613]
[3.61251097 3.67582321]
[3.71835056 3.62713617]
[3.7818329  3.54957108]
[3.34173765 3.84700727]
[3.30901067 3.89780005]
[3.40961352 3.81517872]
[3.4562156  3.79489151]
[3.45844571 3.83736186]
[3.48078665 3.81280579]
[3.55466508 3.78119379]
[3.6325075  3.75860226]
[3.65591427 3.75462949]
[3.65731944 3.79007922]
[3.74539355 3.74234701]
[3.75022097 3.74494639]
[3.83284646 3.66003425]
[3.86079831 3.64161447]
[4.13464548 3.43158036]
[3.47566774 3.81730186]
[3.65614832 3.7330044 ]
[3.69059236 3.72922134]
[3.70084595 3.73536689]
[3.75363008 3.74388495]
[3.82304935 3.7533809 ]
[3.83379444 3.76990364]
[3.89629835 3.75390131]
[3.28233806 3.39920973]
[3.49731419 3.47945149]
[3.71045315 3.58938602]
[3.68178663 3.6054329 ]
[3.5463891  3.78079105]
[3.51433137 3.82362766]
[3.64640963 3.86163929]
[3.54524065 3.95124612]
[3.51852766 3.95669393]
[3.52996839 3.93536673]
[3.50306815 3.93069362]
[3.49823548 3.94690858]
[3.45401935 3.99453965]
[3.4903529  3.97083514]
[3.57388523 3.94469545]
[3.61743323 3.95882106]
[3.70383871 3.93042862]
[3.7996086  3.80908744]
[3.66616202 3.76585647]
[3.47939677 3.94288672]
[3.52111206 3.91127342]
[3.6194     3.94490317]
[3.62601638 3.94251094]
[3.6971396  3.91047512]
[3.79416791 3.81624225]
[3.72978169 3.81911322]
[3.74316879 3.95620935]
[3.74888645 3.88722376]
[3.77991903 3.85654717]
[3.75906524 3.94879003]
[3.67736774 3.87001696]
[3.77385734 3.81986789]
[3.81397798 3.8113543 ]
[3.78535484 3.75946799]
[3.73197947 3.812098  ]
[3.73882298 3.79159483]
[3.81759573 3.89085424]
[3.98113097 3.89402283]
[3.96875858 3.87733154]
[3.9502     3.85229462]
[3.97913119 3.95466782]
[3.97734526 3.94800518]
[3.95176114 3.94127987]
[3.95456587 3.91084962]
[4.05499821 3.85090679]
[4.08001849 3.82416084]
[4.09095492 3.93587188]
[4.16327524 3.85103811]
[4.22953008 3.91084235]
[4.2445671 3.6334869]
[4.20963589 4.03388471]
[4.09915685 4.045196  ]
[4.12912581 3.75488697]
[4.16914444 3.78742239]
[4.21246452 3.72553474]
[4.21028234 3.69506462]
[4.21273304 3.82415255]
[4.2324271  3.83686151]
[4.3733021  3.80389482]
[4.34781603 3.87424979]
[4.35242568 3.90638542]
[4.33113024 3.94869013]
[4.25321274 3.91321301]
[4.04823536 3.81429303]
[3.98064719 3.75275147]
[4.07571127 3.76646555]
[4.08449605 3.78275874]
[4.08700847 3.68912456]
[4.17959589 3.74341548]
[4.17370056 3.71907415]
[4.39620729 3.76735971]
[4.52833831 3.87497255]
[4.58256903 3.86379102]
[4.59951548 3.84100449]
[4.43373992 3.78961236]
[4.28997097 3.68933312]
[4.46190097 3.74744716]
[4.46190097 3.74744716]
[4.56958605 3.63607989]
[4.66500718 3.73057223]
[4.63769871 3.68597238]
[4.58718469 3.78998447]
[4.58157202 3.80154137]
[4.68165806 3.73953809]
[4.63842581 3.71841313]
[4.91449646 3.48522539]
[4.70926581 3.6380262 ]
[4.84906895 3.71085184]
[4.90354435 3.57936669]
[4.93986129 3.49170993]
[5.09750863 3.40100118]
[4.9241344  3.51405891]
[4.67507703 3.67162259]
[4.45377742 3.81324198]
[4.53417787 3.77521162]
[4.55783968 3.80942838]
[4.6373171  3.82212921]
[4.69768169 3.84624158]
[4.7513071  3.79382998]
[4.86376011 3.70838446]
[4.99858163 3.71547643]
[4.9704125  3.75773596]
[4.90066387 3.75920583]
[4.97855613 3.71861945]
[4.97289774 3.59536657]
[5.09465935 3.70780686]
[5.12813777 3.60355266]
[5.16968232 3.60379594]
[5.17865452 3.60617984]
[5.11512395 3.68444213]
[5.14046298 3.65863861]
[5.23186581 3.62059803]
[5.13117774 3.63959875]
[5.19463427 3.72674105]
[5.1716646  3.67069632]
[5.1658596  3.70893055]
[5.17034742 3.70486952]
[5.22684545 3.66749742]
[5.25417718 3.67752415]
[5.25631613 3.66639638]
[5.24193395 3.70153136]
[5.29616065 3.69582189]
[5.29589718 3.62528848]
[5.30113194 3.6227922 ]
[5.30113194 3.65814489]
[5.31938053 3.58400029]
[5.3666939  3.54403063]
[5.34884589 3.62019769]
[5.3641225  3.57249683]
[5.43586581 3.53888784]
[5.43586581 3.53888784]
[5.44068202 3.6005806 ]
[5.41950613 3.6688807 ]
[5.37094702 3.63981339]
[5.8189229  3.32489324]
[5.94884774 3.22370215]
[5.98625648 3.21549693]
[6.13756148 3.10551495]
[5.96629252 3.21755787]
[5.80901548 3.3103394 ]
[5.41956787 3.61507514]
[5.49288774 3.58329205]
[5.5544    3.5590151]
[5.5170491  3.57225892]
[5.59439752 3.55654409]
[5.58504821 3.6001054 ]
[5.51805121 3.60519796]
[5.60366387 3.55328583]
[5.56690218 3.60181925]
[5.60704194 3.53893104]
[5.59407903 3.63479073]
[5.6063871  3.44818526]
[5.59667681 3.4568215 ]
[5.58943427 3.58853913]
[5.61674323 3.49932529]
[5.61049516 3.46373278]
[5.50258798 3.63080545]
[5.61671097 3.54049206]
[5.98103484 3.32351251]
[5.58601331 3.41377592]
[5.63770169 3.37613937]
[5.64411008 3.33716187]
[6.16320452 3.0761032 ]
[6.27306089 2.98617096]
[7.81399677 1.9749098 ]
[6.45466903 2.91337948]
[6.37335218 3.20887425]
[6.33062649 2.9739796 ]
[6.33810069 3.12399777]
[6.35538613 3.20988551]
[6.2690029  3.02175281]
[6.37647097 3.03157667]
[5.96094323 3.36260626]
[6.03607226 3.28680285]
[5.93022419 3.35089158]
[5.79303258 3.48017187]
[5.93749724 3.44428044]
[5.93984892 3.41200032]
[5.84390578 3.46052418]
[5.90974653 3.47344265]
[5.85318129 3.52293377]
[5.9285329  3.39908185]
[5.94120589 3.40152538]
[5.95564065 3.44818556]
[5.95724452 3.45337003]
[5.96132798 3.41337353]
[6.04695082 3.38406829]
[6.04418669 3.3999586 ]
[6.0781575  3.34693481]
[6.05120645 3.38564915]
[5.99879476 3.4417642 ]
[6.07545081 3.4103207 ]
[6.12655484 3.38935837]
[5.9874069 3.4485741]
[5.95907097 3.52731831]
[6.74283762 2.99891064]
[6.08032194 3.42873489]
[6.07713613 3.38624561]
[6.12640605 3.39760903]
[6.14355226 3.40782445]
[6.13480335 3.39504128]
[6.15578618 3.39169217]
[6.11314161 3.4731241 ]
[6.12064794 3.45800315]
[6.19721202 3.37082291]
[6.20461669 3.40553524]
[6.2147875  3.40005865]
[6.1682671  3.40466305]
[6.2294629  3.38835166]
[6.25885903 3.36234265]
[6.23196968 3.39251829]
[6.24634 3.37063]
[6.21867008 3.37262543]
[6.30423473 3.34878508]
[6.29170602 3.34757599]
[6.27100924 3.33990312]
[6.24986379 3.39010214]
[6.26819118 3.37450746]
[6.29245285 3.3633165 ]
[6.28204073 3.43921962]
[6.30339234 3.3883014 ]
[6.28833452 3.3750907 ]
[6.32089718 3.39500377]
[6.34629315 3.35815367]
[6.28679097 3.42447466]
[6.31916387 3.3929318 ]
[6.36425589 3.44809086]
[6.34145911 3.38411568]
[6.31106589 3.44219702]
[6.37642315 3.43097246]
[6.38036432 3.42017765]
[6.42844387 3.3755323 ]
[6.41730459 3.41912485]
[6.4619104  3.35614252]
[6.52941589 3.30836702]
[6.49795444 3.37268739]
[6.48435457 3.36738262]
[6.47726838 3.40755513]
[6.4885029 3.4207481]
[6.58779673 3.29726083]
[6.51942967 3.37673557]
[6.49523748 3.35999612]
[6.50174744 3.37724664]
[6.58097508 3.35007568]
[6.55897742 3.38944553]
[6.60674427 3.35260769]
[6.63136226 3.32175852]
[6.65598024 3.29090936]
[6.66609851 3.28536016]
[6.65749677 3.27158672]
[6.66075235 3.30184869]
[6.70452787 3.27147262]
[6.6769271 3.2480669]
[6.68707849 3.24824565]
[6.70396937 3.25012874]
[6.67678653 3.25599275]
[6.68206677 3.23522605]
[6.72120742 3.17755207]
[6.66785992 3.21818005]
[6.63385685 3.28755359]
[6.73475702 3.17626195]
[6.76303097 3.18243735]
[6.7686183  3.20168269]
[6.81404598 3.15784865]
[6.83652052 3.13731763]
[6.88683148 3.09193388]
[6.90893948 3.04154949]
[6.77309161 3.19227289]
[6.87590406 3.15894949]
[6.91996653 3.14466804]
[6.93716473 3.14338824]
[7.07415742 2.98641053]
[8.96339677 1.76632211]
[8.63717758 1.96382524]
[9.68376815 1.27160516]
[10.44265056  0.78203992]
[11.20153298  0.29247468]
[11.14587444  0.3131397 ]
[9.02565536 1.68463822]
[7.93058742 2.38556125]
[8.96298323 1.71090376]
[8.93276826 1.72757212]
[9.77820245 1.16724117]
[6.8996675  3.00449865]
[6.9880346  3.00301094]
[7.07873548 2.90536834]
[7.12152626 2.86111112]
[7.06857187 2.88349349]
[7.24001879 2.98518002]
[7.33170323 2.96338068]
[7.1451171 3.0281893]
[7.23670581 2.97872168]
[7.31592831 2.91569611]
[7.33644734 2.92997828]
[7.27804    2.94885308]
[7.27266839 2.941285  ]
[7.18944206 3.01862396]
[7.23751348 3.01158634]
[7.26581685 3.00080754]
[7.27638776 2.92714836]
[7.30181455 2.91324008]
[7.32625947 2.89160692]
[7.32881926 2.87534741]
[7.31229806 2.89716203]
[7.19002379 2.93637627]
[7.29074847 2.8993861 ]
[7.34017355 2.83670874]
[7.38546492 2.82923111]
[7.41354964 2.83026588]
[7.47908065 2.83268035]
[7.53267613 2.7851853 ]
[7.57926097 2.78503792]
[7.49940161 2.89971596]
[7.66606024 2.78261369]
[8.32333129 2.39726737]
[8.72996129 2.17559444]
[8.70938723 2.19066451]
[8.68031815 2.19722006]
[8.85103685 2.00635629]
[8.84952258 1.98955495]
[8.73656039 2.11235632]
[9.19428219 1.85220267]
[8.53373331 2.30629024]
[9.53545008 1.70314379]
[8.13950073 2.16292347]
[8.56775742 1.51498323]
[7.73498701 2.09694254]
[7.38514039 2.30933383]
[7.38816395 2.29346819]
[7.32281965 2.30833669]
[8.77880718 1.36513569]
[7.6476296  2.16451594]
[7.32793597 2.26825956]
[7.29379548 2.34328757]
[7.37701519 2.37363622]
[7.50184476 2.4191592 ]
[7.45688424 2.45791061]
[7.45361981 2.48537059]
[7.6033646  2.41381392]
[7.81111002 2.24645371]
[8.29584935 1.85594658]
[7.91972935 2.22426859]
[9.2874496  1.15508344]
[9.15487754 1.1119944 ]
[8.73054859 1.36915741]
[8.68264234 1.39487232]
[9.44026221 0.88703209]
[10.65571956  0.08064817]
[10.21966953  0.40080856]
[8.92943608 1.26542795]
[8.03240258 1.75335841]
[8.57179958 1.39412834]
[9.83039258 0.55592485]
[9.02663742 1.10850928]
[9.09168135 1.06101973]
[9.55366265 0.73713773]
[10.34100916  0.21541907]
[10.26150645  0.27132492]
[9.84622507 0.54248777]
[9.24301579 0.94631887]
[9.54786815 0.70867967]
[10.40182298  0.09346622]
[10.40182298  0.09346622]
[9.48410996 0.62796676]
[10.14960997  0.06793953]
[10.21634563 -0.16954143]
[10.47001871  0.07207306]
[9.69646508 0.37679206]
[9.84789282 0.082682  ]
[9.88574976e+00 9.15448511e-03]
[10.58609935 -0.12501641]
[10.37559637 -0.07001734]
[ 9.94422826 -0.10877593]
[9.53817434 0.28070362]
[9.27945827 0.65997402]
[8.58970544 1.07362255]
[7.98858044 1.42797336]
[7.95814    1.57582538]
[7.90776674 1.53483548]
[7.83220685 1.47335061]
[7.88451121 1.39963113]
[7.71359548 1.43702324]
[9.47817419 0.39663995]
[7.28703734 1.36990972]
[7.72365129 1.13460518]
[9.4701071  0.19338699]
[9.22373823 0.38742728]
[9.22312191 0.36591228]
[9.23365677 0.3156724 ]
[9.06719968 0.45160021]
[7.96779234 1.1681928 ]
[7.92625806 1.09684655]
[7.77283565 1.21829616]
[8.05672839 1.0099798 ]
[8.03496093 1.1084642 ]
[7.99357502 1.08366193]
[8.77131613 0.49591686]
[8.36972387 0.73870795]
[8.90946865 0.37469389]
[ 9.91047269 -0.31629551]
[8.42055828 0.61307976]
[ 9.60578394 -0.13971263]
[ 9.44968484e+00 -5.07037531e-03]
[8.21092968 0.78436752]
[8.25356653 0.65962948]
[10.00754573 -0.55079038]
[11.02950742 -1.36203639]
[8.6990996 0.1798418]
[8.82085515 0.0664466 ]
[ 8.99504257 -0.07595545]
[ 8.97533548 -0.01134368]
[7.5179071  0.89467664]
[7.46833653 0.84610736]
[7.47129503 0.85984277]
[7.41340605 0.8724822 ]
[7.4219477  0.87039812]
[7.47451524 0.80167234]
[7.47451524 0.80167234]
[7.48409903 0.79632419]
[7.4180584  0.77872891]
[7.75852027 0.53616376]
[ 9.20410939 -0.37489829]
[10.52359879 -1.2021819 ]
[ 9.99936234 -0.85608491]
[ 8.97136026 -0.23351857]
[ 8.74712452 -0.09950805]
[ 9.27306671 -0.41548979]
[ 9.28977456 -0.43703391]
[ 9.19516218 -0.38513114]
[10.87321895 -1.49436403]
[10.06517741 -1.01997646]
[10.97514202 -1.62619863]
[ 9.5589046  -0.71820493]
[10.0371666  -1.06339577]
[ 9.29540847 -0.58813438]
[ 9.57018008 -0.8025415 ]
[ 9.55040516 -0.77649828]
[ 9.88455387 -0.97183715]
[ 9.71597552 -0.86497433]
[ 9.75094566 -0.85580987]
[10.13696465 -1.06446911]
[11.30487137 -1.8153408 ]
[11.20310511 -1.76936613]
[11.06280092 -1.72999075]
[11.09461847 -1.732069  ]
[11.12667434 -1.78829738]
[10.91011    -1.65160885]
[10.10820468 -1.16772099]
[ 9.4829951  -0.78360743]
[10.25299665 -1.26624779]
[11.08832013 -1.82298151]
[10.58241387 -1.51757101]
[ 9.37062556 -0.77723672]
[ 9.18377419 -0.74265015]
[ 8.62566223 -0.36470853]
[ 8.49697548 -0.20255166]
[7.36638105 0.55413749]
[7.40620444 0.52969325]
[ 8.77810617 -0.39407011]
[7.21150266 0.63278557]
[7.30896258 0.57075052]
[7.30896258 0.57075052]
[7.1818929  0.65111541]
[7.33613419 0.53694351]
[ 9.83232281 -1.1635362 ]
[10.1096771  -1.35247839]
[7.22056419 0.54708533]
[ 8.96577202 -0.58710353]
[ 9.3428529  -0.84056498]
[10.19489161 -1.4585199 ]
[ 8.49875492 -0.36887097]
[7.3322746  0.38310171]
[7.6511871  0.17642173]
[7.40348387 0.32898449]
[7.24454903 0.437829  ]
[7.33554452 0.40530618]
[7.16525935 0.4533285 ]
[ 8.23537218 -0.24673565]
[7.74536935 0.09692085]
[7.25536653 0.44057736]
[7.25582806 0.45839109]
[7.49308065 0.28278958]
[7.44890627 0.30840676]
[ 8.74568815 -0.58224946]
[ 8.68214452 -0.57840103]
[ 8.60866411 -0.55500038]
[ 7.79115137 -0.03483628]
[6.55489097 0.83566052]
[6.17702452 0.36980397]
[6.23860516 0.37609278]
[6.3059871  0.65702074]
[6.09856774 0.51186176]
[6.06676109 0.51480182]
[6.28623744 0.65825924]
[6.31101637 0.67416266]
[6.09451097 0.52417312]
[6.06322702 0.50693849]
[6.03933669 0.51841832]
[6.07010282 0.45789585]
[5.9709046  0.44014555]
[5.99592387 0.52772583]
[6.05740873 0.37152066]
[6.29438935 0.59683667]
[5.92800661 0.42680664]
[5.8855873 0.469671 ]
[5.87462394 0.45395997]
[5.94745445 0.4311289 ]
[5.99540645 0.46936626]
[5.80689492 0.60837986]
[6.11541202 0.43934445]
[6.47738065 0.63942564]
[6.22107548 0.58639911]
[6.0138798  0.68903966]
[6.25112765 0.56392388]
[6.11401045 0.62862508]
[6.02046968 0.38000713]
[6.11009032 0.27296864]
[6.19709355 0.88215345]
[6.17277286 0.82431662]
[7.00762218 0.3370353 ]
[6.9557871  0.06915648]
[6.44150711 0.38029552]
[7.15709234 0.27070434]
[ 9.27343024 -1.05386131]
[7.25584645 0.23209463]
[7.0677871  0.30996228]
[7.07116968 0.28551396]
[6.92839097 0.40061206]
[6.7308504  0.44835781]
[6.83594085 0.43525714]
[6.94103129 0.42215646]
[6.58091411 0.62597241]
[6.39425031 0.73568618]
[6.47459168 0.64412902]
[6.52597089 0.64532208]
[6.56086184 0.63050034]
[6.487      0.64253846]
[6.3710029  0.71729387]
[6.43339279 0.69004963]
[6.40866671 0.74037958]
[6.33923127 0.75198399]
[6.33059032 0.74892556]
[6.34905226 0.69940429]
[6.27310323 0.76118491]
[6.04325935 0.89889533]
[6.29502154 0.75806999]
[6.29630161 0.75186866]
[6.24646186 0.78913298]
[6.21238968 0.82533858]
[6.24262375 0.81397661]
[6.18001802 0.84392212]
[6.19181798 0.7972844 ]
[6.17591266 0.7756722 ]
[6.1620966  0.78059048]
[6.27003226 0.8408516 ]
[6.25279548 0.75764603]
[6.17270202 0.7651706 ]
[7.21796347 0.03338031]
[6.90524979 0.25070608]
[6.84352144 0.27605964]
[6.82228325 0.30397308]
[6.82514567 0.33661679]
[6.71020348 0.37938272]
[6.63270611 0.38851375]
[6.47520258 0.44813264]
[6.48615948 0.44476818]
[6.52400718 0.43645069]
[6.36827742 0.528959  ]
[6.38295613 0.53914801]
[6.44766879 0.47616848]
[7.05809258 0.06451908]
[6.34525419 0.5244411 ]
[6.27656589 0.59240692]
[6.5215329  0.44707156]
[6.42999948 0.49065257]
[6.35386871 0.54646469]
[6.24086815 0.62091967]
[6.85150215 0.20511624]
[6.59212544 0.37328466]
[6.53492815 0.43479275]
[6.45336734 0.51060751]
[6.31198839 0.59064019]
[6.36536452 0.53909387]
[6.63005853 0.35135469]
[7.04084369 0.06883922]
[6.77721339 0.26148232]
[6.38149495 0.541625  ]
[6.32048548 0.55317882]
[6.3093625  0.57754596]
[6.35720839 0.55463596]
[7.0596025  0.07809558]
[6.39248185 0.49854186]
[6.43818216 0.48812105]
[6.38936297 0.49894401]
[6.43488105 0.45613124]
[6.46110968 0.54914261]
[6.37919065 0.53553958]
[ 7.75862492 -0.37399274]
[6.95315398 0.13442552]
[6.47948116 0.47315347]
[6.90919    0.20131767]
[6.59291321 0.41170313]
[6.84583225 0.22539572]
[6.54279126 0.40171828]
[6.35548295 0.54732573]
[6.74611687 0.3270977 ]
[6.57586077 0.43485442]
[6.39030258 0.5254536 ]
[6.39067742 0.5368863 ]
[6.41974927 0.55835932]
[6.40785528 0.54261602]
[6.40829494 0.5212871 ]
[6.52871065 0.41837496]
[6.39371428 0.50390075]
[6.33029457 0.55496759]
[6.42742987 0.52351164]
[6.38741163 0.5502624 ]
[6.52684902 0.46622778]
[7.00168606 0.14865156]
[6.38122839 0.50204413]
[6.46402992 0.48250121]
[6.31048    0.52494769]
[6.36797911 0.52236558]
[6.45598524 0.45597619]
[6.40146034 0.50879632]
[6.39039069 0.51115352]
[6.46666571 0.45069697]
[6.47520258 0.44402293]
[6.83274484 0.21610407]
[6.47193802 0.46110545]
[6.36869026 0.54552592]
[7.02025798 0.11917776]
[6.41270185 0.4943834 ]
[6.3517075  0.54938404]
[6.31990065 0.53936737]
[6.43411532 0.50660955]
[6.71449806 0.322773  ]
[ 7.33299503 -0.07505579]
[ 7.22699829 -0.02996979]
[6.41411389 0.51403   ]
